{"C:\\Users\\TUMELO\\Desktop\\AfriGIS Testing Apps\\Tumelo Site Inspection Dispatch\\inspection-dispatch\\src\\components\\Alert.vue": {"path":"C:\\Users\\TUMELO\\Desktop\\AfriGIS Testing Apps\\Tumelo Site Inspection Dispatch\\inspection-dispatch\\src\\components\\Alert.vue","statementMap":{"0":{"start":{"line":18,"column":0},"end":{"line":18,"column":null}},"1":{"start":{"line":23,"column":0},"end":{"line":23,"column":null}}},"fnMap":{"0":{"name":"(anonymous_1)","decl":{"start":{"line":22,"column":0},"end":{"line":22,"column":null}},"loc":{"start":{"line":22,"column":0},"end":{"line":24,"column":null}}}},"branchMap":{},"s":{"0":1,"1":1},"f":{"0":1},"b":{}}
,"C:\\Users\\TUMELO\\Desktop\\AfriGIS Testing Apps\\Tumelo Site Inspection Dispatch\\inspection-dispatch\\src\\components\\Logout.vue": {"path":"C:\\Users\\TUMELO\\Desktop\\AfriGIS Testing Apps\\Tumelo Site Inspection Dispatch\\inspection-dispatch\\src\\components\\Logout.vue","statementMap":{"0":{"start":{"line":41,"column":0},"end":{"line":41,"column":null}}},"fnMap":{},"branchMap":{},"s":{"0":1},"f":{},"b":{}}
,"C:\\Users\\TUMELO\\Desktop\\AfriGIS Testing Apps\\Tumelo Site Inspection Dispatch\\inspection-dispatch\\src\\components\\AssessmentAreas\\Exception\\ConfirmationExceptionModal.vue": {"path":"C:\\Users\\TUMELO\\Desktop\\AfriGIS Testing Apps\\Tumelo Site Inspection Dispatch\\inspection-dispatch\\src\\components\\AssessmentAreas\\Exception\\ConfirmationExceptionModal.vue","statementMap":{"0":{"start":{"line":79,"column":0},"end":{"line":79,"column":null}},"1":{"start":{"line":94,"column":0},"end":{"line":94,"column":null}},"2":{"start":{"line":98,"column":0},"end":{"line":98,"column":null}}},"fnMap":{"0":{"name":"(anonymous_1)","decl":{"start":{"line":81,"column":0},"end":{"line":81,"column":null}},"loc":{"start":{"line":81,"column":0},"end":{"line":90,"column":null}}},"1":{"name":"(anonymous_2)","decl":{"start":{"line":92,"column":0},"end":{"line":92,"column":null}},"loc":{"start":{"line":92,"column":0},"end":{"line":95,"column":null}}},"2":{"name":"(anonymous_3)","decl":{"start":{"line":96,"column":0},"end":{"line":96,"column":null}},"loc":{"start":{"line":96,"column":0},"end":{"line":99,"column":null}}}},"branchMap":{},"s":{"0":1,"1":1,"2":1},"f":{"0":1,"1":1,"2":1},"b":{}}
}
